<?xml version="1.0" encoding="UTF-8"?>
<!-- Generated by org.testng.reporters.JUnitXMLReporter -->
<testsuite hostname="ASDP1547PO01976" ignored="0" name="Command line test" tests="22" failures="2" timestamp="14 Jul 2017 04:58:44 GMT" time="0.361" errors="0">
  <testcase name="addOptionShouldMethodShouldAppendPropertiesFileWithNewProperty" time="0.076" classname="com.qainfotech.tap.training.resourceio.PropertiesOptionsIOTest"/>
  <testcase name="getOptionValueMethodShouldReturnOptionValuesFromPropertiesFile" time="0.002" classname="com.qainfotech.tap.training.resourceio.PropertiesOptionsIOTest"/>
  <testcase name="Team_getActiveMembers_should_return_a_list_of_team_members_that_are_active" time="0.029" classname="com.qainfotech.tap.training.resourceio.TeamsJsonReaderTest"/>
  <testcase name="Team_getInactiveMembers_should_return_a_list_of_individual_team_members_that_are_inactive" time="0.013" classname="com.qainfotech.tap.training.resourceio.TeamsJsonReaderTest"/>
  <testcase name="getIndividualById_should_return_Individual_object_matching_id" time="0.002" classname="com.qainfotech.tap.training.resourceio.TeamsJsonReaderTest"/>
  <testcase name="getIndividualById_should_throw_ObjectNotFoundException_for_incorrect_id" time="0.001" classname="com.qainfotech.tap.training.resourceio.TeamsJsonReaderTest"/>
  <testcase name="getIndividualByName_should_return_Individual_object_matching_name" time="0.013" classname="com.qainfotech.tap.training.resourceio.TeamsJsonReaderTest"/>
  <testcase name="getIndividualByName_should_throw_ObjectNotFoundException_for_incorrect_name" time="0.003" classname="com.qainfotech.tap.training.resourceio.TeamsJsonReaderTest"/>
  <testcase name="getListOfActiveIndividuals_ahould_return_array_list_of_only_active_individual_objects" time="0.001" classname="com.qainfotech.tap.training.resourceio.TeamsJsonReaderTest"/>
  <testcase name="getListOfInactiveIndividuals_should_return_array_list_of_only_inactive_individual_objects" time="0.0" classname="com.qainfotech.tap.training.resourceio.TeamsJsonReaderTest"/>
  <testcase name="getListOfIndividuals_should_return_array_list_of_all_individual_objects" time="0.003" classname="com.qainfotech.tap.training.resourceio.TeamsJsonReaderTest"/>
  <testcase name="getListOfTeams_should_return_a_list_if_Team_object_from_db_json" time="0.038" classname="com.qainfotech.tap.training.resourceio.TeamsJsonReaderTest"/>
  <testcase name="Team_getActiveMembers_should_return_a_list_of_team_members_that_are_active" time="0.085" classname="com.qainfotech.tap.training.resourceio.TeamsYamlReaderTest">
    <failure type="java.lang.ClassCastException" message="java.lang.Integer cannot be cast to com.qainfotech.tap.training.resourceio.model.Individual">
      <![CDATA[java.lang.ClassCastException: java.lang.Integer cannot be cast to com.qainfotech.tap.training.resourceio.model.Individual
	at com.qainfotech.tap.training.resourceio.model.Team.getActiveMembers(Team.java:77)
	at com.qainfotech.tap.training.resourceio.TeamsYamlReaderTest.Team_getActiveMembers_should_return_a_list_of_team_members_that_are_active(TeamsYamlReaderTest.java:110)
... Removed 35 stack frames]]>
    </failure>
  </testcase> <!-- Team_getActiveMembers_should_return_a_list_of_team_members_that_are_active -->
  <testcase name="Team_getInactiveMembers_should_return_a_list_of_individual_team_members_that_are_inactive" time="0.003" classname="com.qainfotech.tap.training.resourceio.TeamsYamlReaderTest">
    <failure type="java.lang.ClassCastException" message="java.lang.Integer cannot be cast to com.qainfotech.tap.training.resourceio.model.Individual">
      <![CDATA[java.lang.ClassCastException: java.lang.Integer cannot be cast to com.qainfotech.tap.training.resourceio.model.Individual
	at com.qainfotech.tap.training.resourceio.model.Team.getInactiveMembers(Team.java:118)
	at com.qainfotech.tap.training.resourceio.TeamsYamlReaderTest.Team_getInactiveMembers_should_return_a_list_of_individual_team_members_that_are_inactive(TeamsYamlReaderTest.java:118)
... Removed 35 stack frames]]>
    </failure>
  </testcase> <!-- Team_getInactiveMembers_should_return_a_list_of_individual_team_members_that_are_inactive -->
  <testcase name="getIndividualById_should_return_Individual_object_matching_id" time="0.003" classname="com.qainfotech.tap.training.resourceio.TeamsYamlReaderTest"/>
  <testcase name="getIndividualById_should_throw_ObjectNotFoundException_for_incorrect_id" time="0.003" classname="com.qainfotech.tap.training.resourceio.TeamsYamlReaderTest"/>
  <testcase name="getIndividualByName_should_return_Individual_object_matching_name" time="0.004" classname="com.qainfotech.tap.training.resourceio.TeamsYamlReaderTest"/>
  <testcase name="getIndividualByName_should_throw_ObjectNotFoundException_for_incorrect_name" time="0.002" classname="com.qainfotech.tap.training.resourceio.TeamsYamlReaderTest"/>
  <testcase name="getListOfActiveIndividuals_ahould_return_array_list_of_only_active_individual_objects" time="0.004" classname="com.qainfotech.tap.training.resourceio.TeamsYamlReaderTest"/>
  <testcase name="getListOfInactiveIndividuals_should_return_array_list_of_only_inactive_individual_objects" time="0.007" classname="com.qainfotech.tap.training.resourceio.TeamsYamlReaderTest"/>
  <testcase name="getListOfIndividuals_should_return_array_list_of_all_individual_objects" time="0.011" classname="com.qainfotech.tap.training.resourceio.TeamsYamlReaderTest"/>
  <testcase name="getListOfTeams_should_return_a_list_if_Team_object_from_db_json" time="0.011" classname="com.qainfotech.tap.training.resourceio.TeamsYamlReaderTest"/>
</testsuite> <!-- Command line test -->
