<?xml version="1.0" encoding="UTF-8"?>
<!-- Generated by org.testng.reporters.JUnitXMLReporter -->
<testsuite hostname="ASDP1547PO01976" ignored="0" name="Default test" tests="3" failures="0" timestamp="17 Jul 2017 05:36:35 GMT" time="0.111" errors="0">
  <testcase name="testPlayerRegistration" time="0.052" classname="com.qainfotech.tap.training.snl.api.BoardTest"/>
  <testcase name="initTest" time="0.009" classname="com.qainfotech.tap.training.snl.api.BoardModelTest"/>
  <testcase name="saveTest" time="0.004" classname="com.qainfotech.tap.training.snl.api.BoardModelTest"/>
</testsuite> <!-- Default test -->
