<?xml version="1.0" encoding="UTF-8"?>
<testng-results skipped="0" failed="0" ignored="0" total="3" passed="3">
  <reporter-output>
  </reporter-output>
  <suite name="Default suite" duration-ms="111" started-at="2017-07-17T05:36:35Z" finished-at="2017-07-17T05:36:35Z">
    <groups>
    </groups>
    <test name="Default test" duration-ms="111" started-at="2017-07-17T05:36:35Z" finished-at="2017-07-17T05:36:35Z">
      <class name="com.qainfotech.tap.training.snl.api.BoardModelTest">
        <test-method status="PASS" signature="initTest()[pri:0, instance:com.qainfotech.tap.training.snl.api.BoardModelTest@5034c75a]" name="initTest" duration-ms="9" started-at="2017-07-17T11:06:35Z" finished-at="2017-07-17T11:06:35Z">
          <reporter-output>
          </reporter-output>
        </test-method> <!-- initTest -->
        <test-method status="PASS" signature="saveTest()[pri:0, instance:com.qainfotech.tap.training.snl.api.BoardModelTest@5034c75a]" name="saveTest" duration-ms="4" started-at="2017-07-17T11:06:35Z" finished-at="2017-07-17T11:06:35Z">
          <reporter-output>
          </reporter-output>
        </test-method> <!-- saveTest -->
      </class> <!-- com.qainfotech.tap.training.snl.api.BoardModelTest -->
      <class name="com.qainfotech.tap.training.snl.api.BoardTest">
        <test-method status="PASS" signature="beforeTest()[pri:0, instance:com.qainfotech.tap.training.snl.api.BoardTest@51efea79]" name="beforeTest" is-config="true" duration-ms="21" started-at="2017-07-17T11:06:35Z" finished-at="2017-07-17T11:06:35Z">
          <reporter-output>
          </reporter-output>
        </test-method> <!-- beforeTest -->
        <test-method status="PASS" signature="testPlayerRegistration()[pri:0, instance:com.qainfotech.tap.training.snl.api.BoardTest@51efea79]" name="testPlayerRegistration" duration-ms="52" started-at="2017-07-17T11:06:35Z" finished-at="2017-07-17T11:06:35Z">
          <reporter-output>
          </reporter-output>
        </test-method> <!-- testPlayerRegistration -->
      </class> <!-- com.qainfotech.tap.training.snl.api.BoardTest -->
    </test> <!-- Default test -->
  </suite> <!-- Default suite -->
</testng-results>
